  main.cpp
c:\users\guertz\google drive\session 5\clientserveur\tp3-client-serveur\dll\dll.h(27): warning C4091: 'static ' : ignoré à gauche de 'Verification' quand aucune variable n'est déclarée
c:\users\guertz\google drive\session 5\clientserveur\tp3-client-serveur\serveur\communication.h(95): warning C4091: 'static ' : ignoré à gauche de 'Info' quand aucune variable n'est déclarée
c:\users\guertz\google drive\session 5\clientserveur\tp3-client-serveur\serveur\main.cpp(8): warning C4996: 'inet_addr': Use inet_pton() or InetPton() instead or define _WINSOCK_DEPRECATED_NO_WARNINGS to disable deprecated API warnings
  c:\program files (x86)\windows kits\10\include\10.0.10586.0\um\winsock2.h(1826): note: voir la déclaration de 'inet_addr'
c:\users\guertz\google drive\session 5\clientserveur\tp3-client-serveur\serveur\main.cpp(5): warning C4101: 'msg' : variable locale non référencée
c:\users\guertz\google drive\session 5\clientserveur\tp3-client-serveur\serveur\main.cpp(5): warning C4101: 'recvbuf' : variable locale non référencée
  Communication.cpp
c:\users\guertz\google drive\session 5\clientserveur\tp3-client-serveur\dll\dll.h(27): warning C4091: 'static ' : ignoré à gauche de 'Verification' quand aucune variable n'est déclarée
c:\users\guertz\google drive\session 5\clientserveur\tp3-client-serveur\serveur\communication.h(95): warning C4091: 'static ' : ignoré à gauche de 'Info' quand aucune variable n'est déclarée
c:\users\guertz\google drive\session 5\clientserveur\tp3-client-serveur\serveur\communication.cpp(105): warning C4996: 'strncpy': This function or variable may be unsafe. Consider using strncpy_s instead. To disable deprecation, use _CRT_SECURE_NO_WARNINGS. See online help for details.
  c:\program files (x86)\windows kits\10\include\10.0.10586.0\ucrt\string.h(335): note: voir la déclaration de 'strncpy'
c:\users\guertz\google drive\session 5\clientserveur\tp3-client-serveur\serveur\communication.cpp(109): warning C4996: 'strcpy': This function or variable may be unsafe. Consider using strcpy_s instead. To disable deprecation, use _CRT_SECURE_NO_WARNINGS. See online help for details.
  c:\program files (x86)\windows kits\10\include\10.0.10586.0\ucrt\string.h(129): note: voir la déclaration de 'strcpy'
c:\users\guertz\google drive\session 5\clientserveur\tp3-client-serveur\serveur\communication.cpp(200): warning C4996: 'strcpy': This function or variable may be unsafe. Consider using strcpy_s instead. To disable deprecation, use _CRT_SECURE_NO_WARNINGS. See online help for details.
  c:\program files (x86)\windows kits\10\include\10.0.10586.0\ucrt\string.h(129): note: voir la déclaration de 'strcpy'
c:\users\guertz\google drive\session 5\clientserveur\tp3-client-serveur\serveur\communication.cpp(216): warning C4996: 'strcpy': This function or variable may be unsafe. Consider using strcpy_s instead. To disable deprecation, use _CRT_SECURE_NO_WARNINGS. See online help for details.
  c:\program files (x86)\windows kits\10\include\10.0.10586.0\ucrt\string.h(129): note: voir la déclaration de 'strcpy'
  Génération de code en cours...
  Serveur.vcxproj -> C:\Users\guertz\Google Drive\Session 5\ClientServeur\TP3-Client-Serveur\Debug\Serveur.exe
  Serveur.vcxproj -> C:\Users\guertz\Google Drive\Session 5\ClientServeur\TP3-Client-Serveur\Debug\Serveur.pdb (Partial PDB)
